[debug] [2018-07-03T14:38:57.548Z] ----------------------------------------------------------------------
[debug] [2018-07-03T14:38:57.548Z] Command:       C:\Program Files\nodejs\node.exe C:\Users\K.Nootan kumar\AppData\Roaming\npm\node_modules\firebase-tools\bin\firebase deploy --only functions --debug
[debug] [2018-07-03T14:38:57.548Z] CLI Version:   3.19.2
[debug] [2018-07-03T14:38:57.548Z] Platform:      win32
[debug] [2018-07-03T14:38:57.548Z] Node Version:  v8.11.2
[debug] [2018-07-03T14:38:57.548Z] Time:          Tue Jul 03 2018 20:08:57 GMT+0530 (India Standard Time)
[debug] [2018-07-03T14:38:57.548Z] ----------------------------------------------------------------------
[debug] 
[debug] [2018-07-03T14:38:57.579Z] > command requires scopes: ["email","openid","https://www.googleapis.com/auth/cloudplatformprojects.readonly","https://www.googleapis.com/auth/firebase","https://www.googleapis.com/auth/cloud-platform"]
[debug] [2018-07-03T14:38:57.579Z] > authorizing via signed-in user
[debug] [2018-07-03T14:38:57.579Z] >>> HTTP REQUEST GET https://admin.firebase.com/v1/projects/golla-4c509  
  
 Tue Jul 03 2018 20:08:57 GMT+0530 (India Standard Time)
[debug] [2018-07-03T14:39:00.658Z] <<< HTTP RESPONSE 200
[debug] [2018-07-03T14:39:00.674Z] >>> HTTP REQUEST GET https://admin.firebase.com/v1/database/golla-4c509/tokens  
  
 Tue Jul 03 2018 20:09:00 GMT+0530 (India Standard Time)
[debug] [2018-07-03T14:39:02.679Z] <<< HTTP RESPONSE 200
[info] 
[info] === Deploying to 'golla-4c509'...
[info] 
[info] i  deploying functions
[info] Running command: npm --prefix "%RESOURCE_DIR%" run lint
[info] +  functions: Finished running predeploy script.
[debug] [2018-07-03T14:39:18.569Z] > [functions] package.json contents: {
  "name": "functions",
  "description": "Cloud Functions for Firebase",
  "scripts": {
    "lint": "eslint .",
    "serve": "firebase serve --only functions",
    "shell": "firebase functions:shell",
    "start": "npm run shell",
    "deploy": "firebase deploy --only functions",
    "logs": "firebase functions:log"
  },
  "dependencies": {
    "firebase-admin": "~5.12.1",
    "firebase-functions": "^1.0.3",
    "one-liner-joke": "^1.0.0"
  },
  "devDependencies": {
    "eslint": "^4.12.0",
    "eslint-plugin-promise": "^3.6.0"
  },
  "private": true
}
[info] i  functions: ensuring necessary APIs are enabled...
[debug] [2018-07-03T14:39:18.569Z] >>> HTTP REQUEST GET https://servicemanagement.googleapis.com/v1/services/cloudfunctions.googleapis.com/projectSettings/golla-4c509?view=CONSUMER_VIEW  
  
 Tue Jul 03 2018 20:09:18 GMT+0530 (India Standard Time)
[debug] [2018-07-03T14:39:18.584Z] >>> HTTP REQUEST GET https://servicemanagement.googleapis.com/v1/services/runtimeconfig.googleapis.com/projectSettings/golla-4c509?view=CONSUMER_VIEW  
  
 Tue Jul 03 2018 20:09:18 GMT+0530 (India Standard Time)
[debug] [2018-07-03T14:39:22.860Z] <<< HTTP RESPONSE 200
[info] +  functions: all necessary APIs are enabled
[debug] [2018-07-03T14:39:23.173Z] <<< HTTP RESPONSE 200
[debug] [2018-07-03T14:39:23.188Z] >>> HTTP REQUEST GET https://cloudresourcemanager.googleapis.com/v1/projects/golla-4c509  
  
 Tue Jul 03 2018 20:09:23 GMT+0530 (India Standard Time)
[debug] [2018-07-03T14:39:26.810Z] <<< HTTP RESPONSE 200
[debug] [2018-07-03T14:39:26.810Z] >>> HTTP REQUEST GET https://mobilesdk-pa.googleapis.com/v1/projects/890755117530:getServerAppConfig  
  
 Tue Jul 03 2018 20:09:26 GMT+0530 (India Standard Time)
[debug] [2018-07-03T14:39:29.934Z] <<< HTTP RESPONSE 200
[info] i  functions: preparing functions directory for uploading...
[debug] [2018-07-03T14:39:29.934Z] >>> HTTP REQUEST GET https://runtimeconfig.googleapis.com/v1beta1/projects/golla-4c509/configs  
  
 Tue Jul 03 2018 20:09:29 GMT+0530 (India Standard Time)
[debug] [2018-07-03T14:39:32.329Z] <<< HTTP RESPONSE 200
[info] i  functions: packaged functions (49.57 KB) for uploading
[debug] [2018-07-03T14:39:33.220Z] >>> HTTP REQUEST POST https://cloudfunctions.googleapis.com/v1/projects/golla-4c509/locations/us-central1/functions:generateUploadUrl  
  
 Tue Jul 03 2018 20:09:33 GMT+0530 (India Standard Time)
[debug] [2018-07-03T14:39:35.729Z] <<< HTTP RESPONSE 200
[debug] [2018-07-03T14:39:35.745Z] >>> HTTP REQUEST PUT https://storage.googleapis.com/gcf-upload-us-central1-28cd08fd-10b5-47b7-8204-8e462f3d2573/f65b4912-e674-4f8b-ba4b-2428888d67c0.zip?GoogleAccessId=service-890755117530@gcf-admin-robot.iam.gserviceaccount.com&Expires=1530630574&Signature=DWzXxQ5kjrk6vgKFJx2gI%2FWifkYGgBWqWEqF0M51EqNidmlabFeyqMH9qvmdRME%2FGDnTLmExMz5rytwI%2BvXQlx0R%2Foy0HU50PN1a46v3HrMJVHTrQU15qETaZw3o1byDNkfHmMr66U2a%2FHUo9PMm9if051nlingusSp8pcwIb6Bc1wS2DJWLD7Qsaqf3hCkbi7RHcJqZDeKsbgtepFDgFeMUAb%2BWctmmQ3xASt%2FmOp1UEEGuRd7eP3mHtUluhlU08eV0eDkTc04UUcp18yEaTS0Rua%2BWTIzidEGrvNLWeR8J5Zr6LOP4Syx5jL9KZatfcnqsBJBWJOhdUBEGqVCkYg%3D%3D  
 ReadStream {
  _readableState: 
   ReadableState {
     objectMode: false,
     highWaterMark: 65536,
     buffer: BufferList { head: [Object], tail: [Object], length: 1 },
     length: 50757,
     pipes: null,
     pipesCount: 0,
     flowing: null,
     ended: true,
     endEmitted: false,
     reading: false,
     sync: false,
     needReadable: false,
     emittedReadable: true,
     readableListening: false,
     resumeScheduled: false,
     destroyed: false,
     defaultEncoding: 'utf8',
     awaitDrain: 0,
     readingMore: false,
     decoder: null,
     encoding: null },
  readable: true,
  domain: null,
  _events: { end: [Function] },
  _eventsCount: 1,
  _maxListeners: undefined,
  path: 'C:\\Users\\KE502~1.NOO\\AppData\\Local\\Temp\\firebase-functions-792McEdMJQb4pDY.zip',
  fd: 5,
  flags: 'r',
  mode: 438,
  start: undefined,
  end: Infinity,
  autoClose: true,
  pos: undefined,
  bytesRead: 50757 } 
 Tue Jul 03 2018 20:09:35 GMT+0530 (India Standard Time)
[debug] [2018-07-03T14:39:40.369Z] <<< HTTP RESPONSE 200
[info] +  functions: functions folder uploaded successfully
[debug] [2018-07-03T14:39:40.369Z] >>> HTTP REQUEST GET https://cloudfunctions.googleapis.com/v1/projects/golla-4c509/locations/us-central1/functions  
  
 Tue Jul 03 2018 20:09:40 GMT+0530 (India Standard Time)
[debug] [2018-07-03T14:39:41.135Z] <<< HTTP RESPONSE 200
[info] i  functions: creating function helloWorld...
[debug] [2018-07-03T14:39:41.150Z] Trigger is:  {"httpsTrigger":{}}
[info] i  functions: deleting function LatestNews...
[info] i  functions: deleting function intent...
[debug] [2018-07-03T14:39:41.150Z] >>> HTTP REQUEST POST https://cloudfunctions.googleapis.com/v1/projects/golla-4c509/locations/us-central1/functions  
 { sourceUploadUrl: 'https://storage.googleapis.com/gcf-upload-us-central1-28cd08fd-10b5-47b7-8204-8e462f3d2573/f65b4912-e674-4f8b-ba4b-2428888d67c0.zip?GoogleAccessId=service-890755117530@gcf-admin-robot.iam.gserviceaccount.com&Expires=1530630574&Signature=DWzXxQ5kjrk6vgKFJx2gI%2FWifkYGgBWqWEqF0M51EqNidmlabFeyqMH9qvmdRME%2FGDnTLmExMz5rytwI%2BvXQlx0R%2Foy0HU50PN1a46v3HrMJVHTrQU15qETaZw3o1byDNkfHmMr66U2a%2FHUo9PMm9if051nlingusSp8pcwIb6Bc1wS2DJWLD7Qsaqf3hCkbi7RHcJqZDeKsbgtepFDgFeMUAb%2BWctmmQ3xASt%2FmOp1UEEGuRd7eP3mHtUluhlU08eV0eDkTc04UUcp18yEaTS0Rua%2BWTIzidEGrvNLWeR8J5Zr6LOP4Syx5jL9KZatfcnqsBJBWJOhdUBEGqVCkYg%3D%3D',
  name: 'projects/golla-4c509/locations/us-central1/functions/helloWorld',
  entryPoint: 'helloWorld',
  labels: { 'deployment-tool': 'cli-firebase' },
  httpsTrigger: {} } 
 Tue Jul 03 2018 20:09:41 GMT+0530 (India Standard Time)
[debug] [2018-07-03T14:39:41.166Z] >>> HTTP REQUEST DELETE https://cloudfunctions.googleapis.com/v1/projects/golla-4c509/locations/us-central1/functions/LatestNews  
  
 Tue Jul 03 2018 20:09:41 GMT+0530 (India Standard Time)
[debug] [2018-07-03T14:39:41.166Z] >>> HTTP REQUEST DELETE https://cloudfunctions.googleapis.com/v1/projects/golla-4c509/locations/us-central1/functions/intent  
  
 Tue Jul 03 2018 20:09:41 GMT+0530 (India Standard Time)
[debug] [2018-07-03T14:39:41.963Z] <<< HTTP RESPONSE 200
[debug] [2018-07-03T14:39:41.994Z] <<< HTTP RESPONSE 200
[debug] [2018-07-03T14:39:46.018Z] <<< HTTP RESPONSE 200
[debug] [2018-07-03T14:39:46.018Z] >>> HTTP REQUEST GET https://cloudfunctions.googleapis.com/v1/projects/golla-4c509/locations/us-central1/functions  
  
 Tue Jul 03 2018 20:09:46 GMT+0530 (India Standard Time)
[debug] [2018-07-03T14:39:46.658Z] <<< HTTP RESPONSE 200
[debug] [2018-07-03T14:39:46.658Z] >>> HTTP REQUEST GET https://cloudfunctions.googleapis.com/v1/operations/Z29sbGEtNGM1MDkvdXMtY2VudHJhbDEvaGVsbG9Xb3JsZC9Od3dmaEF6SWlXdw  
  
 Tue Jul 03 2018 20:09:46 GMT+0530 (India Standard Time)
[debug] [2018-07-03T14:39:46.674Z] >>> HTTP REQUEST GET https://cloudfunctions.googleapis.com/v1/operations/Z29sbGEtNGM1MDkvdXMtY2VudHJhbDEvTGF0ZXN0TmV3cy9SdFZCLXFuWDVxZw  
  
 Tue Jul 03 2018 20:09:46 GMT+0530 (India Standard Time)
[debug] [2018-07-03T14:39:46.674Z] >>> HTTP REQUEST GET https://cloudfunctions.googleapis.com/v1/operations/Z29sbGEtNGM1MDkvdXMtY2VudHJhbDEvaW50ZW50L3Yxa3ZtdDJReUNr  
  
 Tue Jul 03 2018 20:09:46 GMT+0530 (India Standard Time)
[debug] [2018-07-03T14:39:47.320Z] <<< HTTP RESPONSE 200
[info] +  functions[intent]: Successful delete operation. 
[debug] [2018-07-03T14:39:47.413Z] <<< HTTP RESPONSE 200
[info] +  functions[LatestNews]: Successful delete operation. 
[debug] [2018-07-03T14:39:48.945Z] <<< HTTP RESPONSE 200
[debug] [2018-07-03T14:39:50.965Z] >>> HTTP REQUEST GET https://cloudfunctions.googleapis.com/v1/operations/Z29sbGEtNGM1MDkvdXMtY2VudHJhbDEvaGVsbG9Xb3JsZC9Od3dmaEF6SWlXdw  
  
 Tue Jul 03 2018 20:09:50 GMT+0530 (India Standard Time)
[debug] [2018-07-03T14:39:51.689Z] <<< HTTP RESPONSE 200
[debug] [2018-07-03T14:39:53.710Z] >>> HTTP REQUEST GET https://cloudfunctions.googleapis.com/v1/operations/Z29sbGEtNGM1MDkvdXMtY2VudHJhbDEvaGVsbG9Xb3JsZC9Od3dmaEF6SWlXdw  
  
 Tue Jul 03 2018 20:09:53 GMT+0530 (India Standard Time)
[debug] [2018-07-03T14:39:54.350Z] <<< HTTP RESPONSE 200
[debug] [2018-07-03T14:39:56.373Z] >>> HTTP REQUEST GET https://cloudfunctions.googleapis.com/v1/operations/Z29sbGEtNGM1MDkvdXMtY2VudHJhbDEvaGVsbG9Xb3JsZC9Od3dmaEF6SWlXdw  
  
 Tue Jul 03 2018 20:09:56 GMT+0530 (India Standard Time)
[debug] [2018-07-03T14:39:57.472Z] <<< HTTP RESPONSE 200
[debug] [2018-07-03T14:39:59.477Z] >>> HTTP REQUEST GET https://cloudfunctions.googleapis.com/v1/operations/Z29sbGEtNGM1MDkvdXMtY2VudHJhbDEvaGVsbG9Xb3JsZC9Od3dmaEF6SWlXdw  
  
 Tue Jul 03 2018 20:09:59 GMT+0530 (India Standard Time)
[debug] [2018-07-03T14:40:00.513Z] <<< HTTP RESPONSE 200
[debug] [2018-07-03T14:40:02.534Z] >>> HTTP REQUEST GET https://cloudfunctions.googleapis.com/v1/operations/Z29sbGEtNGM1MDkvdXMtY2VudHJhbDEvaGVsbG9Xb3JsZC9Od3dmaEF6SWlXdw  
  
 Tue Jul 03 2018 20:10:02 GMT+0530 (India Standard Time)
[debug] [2018-07-03T14:40:04.318Z] <<< HTTP RESPONSE 200
[debug] [2018-07-03T14:40:06.348Z] >>> HTTP REQUEST GET https://cloudfunctions.googleapis.com/v1/operations/Z29sbGEtNGM1MDkvdXMtY2VudHJhbDEvaGVsbG9Xb3JsZC9Od3dmaEF6SWlXdw  
  
 Tue Jul 03 2018 20:10:06 GMT+0530 (India Standard Time)
[debug] [2018-07-03T14:40:06.788Z] <<< HTTP RESPONSE 200
[info] +  functions[helloWorld]: Successful create operation. 
[info] Function URL (helloWorld): https://us-central1-golla-4c509.cloudfunctions.net/helloWorld
[info] 
[info] +  Deploy complete!
[info] 
[info] Project Console: https://console.firebase.google.com/project/golla-4c509/overview
